<?xml version="1.0" encoding="UTF-8"?>
<!-- Generated by org.testng.reporters.JUnitReportReporter -->
<testsuite hostname="LAPTOP-JMV1ERDT" failures="0" tests="1" name="TestCases.LoginApplication" time="14.982" errors="0" timestamp="01 Apr 2022 17:59:18 GMT" skipped="0">
  <testcase classname="TestCases.LoginApplication" name="login" time="14.982"/>
</testsuite> <!-- TestCases.LoginApplication -->
